Iniciando build em Sun Apr 12 08:20:20 -03 2026
#0 building with "default" instance using docker driver

#1 [internal] load build definition from Dockerfile
#1 transferring dockerfile: 330B done
#1 DONE 0.0s

#2 [internal] load metadata for docker.io/library/node:20-alpine
#2 DONE 1.0s

#3 [internal] load .dockerignore
#3 transferring context: 2B done
#3 DONE 0.0s

#4 [1/5] FROM docker.io/library/node:20-alpine@sha256:f598378b5240225e6beab68fa9f356db1fb8efe55173e6d4d8153113bb8f333c
#4 resolve docker.io/library/node:20-alpine@sha256:f598378b5240225e6beab68fa9f356db1fb8efe55173e6d4d8153113bb8f333c 0.0s done
#4 DONE 0.0s

#5 [internal] load build context
#5 transferring context: 2.23MB 1.5s done
#5 DONE 1.7s

#6 [2/5] WORKDIR /app
#6 CACHED

#7 [3/5] COPY package*.json ./
#7 CACHED

#8 [4/5] RUN npm install
#8 CACHED

#9 [5/5] COPY . .
#9 DONE 7.0s

#10 exporting to image
#10 exporting layers
#10 exporting layers 11.6s done
#10 exporting manifest sha256:8f9900d842bd112669d77d76f997cb2dff1ac06e5c6c1986db07bd164f64e7f7 0.0s done
#10 exporting config sha256:c9dc48ce36e0ab0c8b3c02c0710502302da4378694f50ba9b5f964481ed4fca6 0.0s done
#10 exporting attestation manifest sha256:2b9f02c0dcca2869f1c356d1e9ab712f6f4de929c34718cb5774810142fa2202 0.0s done
#10 exporting manifest list sha256:0324d7f236767ff71bbf8648120995611c5ce0fa82b69d71c8974a88ad3d8332 0.0s done
#10 naming to docker.io/library/infinity-guias-img:latest done
#10 unpacking to docker.io/library/infinity-guias-img:latest
#10 unpacking to docker.io/library/infinity-guias-img:latest 3.7s done
#10 DONE 15.4s
